[    0.000000] Linux version 4.15.0-212-generic (buildd@lcy02-amd64-083) (gcc version 7.5.0 (Ubuntu 7.5.0-3ubuntu1~18.04)) #223-Ubuntu SMP Tue May 23 13:09:22 UTC 2023 (Ubuntu 4.15.0-212.223-generic 4.15.18)
[    0.000000] Command line: BOOT_IMAGE=/boot/vmlinuz-4.15.0-212-generic root=LABEL=cloudimg-rootfs ro console=tty1 console=ttyS0
[    0.000000] KERNEL supported cpus:
[    0.000000]   Intel GenuineIntel
[    0.000000]   AMD AuthenticAMD
[    0.000000]   Centaur CentaurHauls
[    0.000000] x86/fpu: x87 FPU will use FXSAVE
[    0.000000] e820: BIOS-provided physical RAM map:
[    0.000000] BIOS-e820: [mem 0x0000000000000000-0x000000000009fbff] usable
[    0.000000] BIOS-e820: [mem 0x000000000009fc00-0x000000000009ffff] reserved
[    0.000000] BIOS-e820: [mem 0x00000000000f0000-0x00000000000fffff] reserved
[    0.000000] BIOS-e820: [mem 0x0000000000100000-0x000000003ffeffff] usable
[    0.000000] BIOS-e820: [mem 0x000000003fff0000-0x000000003fffffff] ACPI data
[    0.000000] BIOS-e820: [mem 0x00000000fec00000-0x00000000fec00fff] reserved
[    0.000000] BIOS-e820: [mem 0x00000000fee00000-0x00000000fee00fff] reserved
[    0.000000] BIOS-e820: [mem 0x00000000fffc0000-0x00000000ffffffff] reserved
[    0.000000] NX (Execute Disable) protection: active
[    0.000000] SMBIOS 2.5 present.
[    0.000000] DMI: innotek GmbH VirtualBox/VirtualBox, BIOS VirtualBox 12/01/2006
[    0.000000] Hypervisor detected: KVM
[    0.000000] e820: last_pfn = 0x3fff0 max_arch_pfn = 0x400000000
[    0.000000] MTRR: Disabled
[    0.000000] x86/PAT: MTRRs disabled, skipping PAT initialization too.
[    0.000000] CPU MTRRs all blank - virtualized system.
[    0.000000] x86/PAT: Configuration [0-7]: WB  WT  UC- UC  WB  WT  UC- UC  
[    0.000000] found SMP MP-table at [mem 0x0009fff0-0x0009ffff]
[    0.000000] Scanning 1 areas for low memory corruption
[    0.000000] RAMDISK: [mem 0x359cb000-0x36cdcfff]
[    0.000000] ACPI: Early table checksum verification disabled
[    0.000000] ACPI: RSDP 0x00000000000E0000 000024 (v02 VBOX  )
[    0.000000] ACPI: XSDT 0x000000003FFF0030 00003C (v01 VBOX   VBOXXSDT 00000001 ASL  00000061)
[    0.000000] ACPI: FACP 0x000000003FFF00F0 0000F4 (v04 VBOX   VBOXFACP 00000001 ASL  00000061)
[    0.000000] ACPI: DSDT 0x000000003FFF0610 002353 (v02 VBOX   VBOXBIOS 00000002 INTL 20100528)
[    0.000000] ACPI: FACS 0x000000003FFF0200 000040
[    0.000000] ACPI: FACS 0x000000003FFF0200 000040
[    0.000000] ACPI: APIC 0x000000003FFF0240 00005C (v02 VBOX   VBOXAPIC 00000001 ASL  00000061)
[    0.000000] ACPI: SSDT 0x000000003FFF02A0 00036C (v01 VBOX   VBOXCPUT 00000002 INTL 20100528)
[    0.000000] ACPI: Reserving FACP table memory at [mem 0x3fff00f0-0x3fff01e3]
[    0.000000] ACPI: Reserving DSDT table memory at [mem 0x3fff0610-0x3fff2962]
[    0.000000] ACPI: Reserving FACS table memory at [mem 0x3fff0200-0x3fff023f]
[    0.000000] ACPI: Reserving FACS table memory at [mem 0x3fff0200-0x3fff023f]
[    0.000000] ACPI: Reserving APIC table memory at [mem 0x3fff0240-0x3fff029b]
[    0.000000] ACPI: Reserving SSDT table memory at [mem 0x3fff02a0-0x3fff060b]
[    0.000000] No NUMA configuration found
[    0.000000] Faking a node at [mem 0x0000000000000000-0x000000003ffeffff]
[    0.000000] NODE_DATA(0) allocated [mem 0x3ffc5000-0x3ffeffff]
[    0.000000] kvm-clock: cpu 0, msr 0:3ff44001, primary cpu clock
[    0.000000] kvm-clock: Using msrs 4b564d01 and 4b564d00
[    0.000000] kvm-clock: using sched offset of 5278219705 cycles
[    0.000000] clocksource: kvm-clock: mask: 0xffffffffffffffff max_cycles: 0x1cd42e4dffb, max_idle_ns: 881590591483 ns
[    0.000000] Zone ranges:
[    0.000000]   DMA      [mem 0x0000000000001000-0x0000000000ffffff]
[    0.000000]   DMA32    [mem 0x0000000001000000-0x000000003ffeffff]
[    0.000000]   Normal   empty
[    0.000000]   Device   empty
[    0.000000] Movable zone start for each node
[    0.000000] Early memory node ranges
[    0.000000]   node   0: [mem 0x0000000000001000-0x000000000009efff]
[    0.000000]   node   0: [mem 0x0000000000100000-0x000000003ffeffff]
[    0.000000] Reserved but unavailable: 104 pages
[    0.000000] Initmem setup node 0 [mem 0x0000000000001000-0x000000003ffeffff]
[    0.000000] ACPI: PM-Timer IO Port: 0x4008
[    0.000000] IOAPIC[0]: apic_id 2, version 32, address 0xfec00000, GSI 0-23
[    0.000000] ACPI: INT_SRC_OVR (bus 0 bus_irq 0 global_irq 2 dfl dfl)
[    0.000000] ACPI: INT_SRC_OVR (bus 0 bus_irq 9 global_irq 9 low level)
[    0.000000] Using ACPI (MADT) for SMP configuration information
[    0.000000] smpboot: Allowing 2 CPUs, 0 hotplug CPUs
[    0.000000] PM: Registered nosave memory: [mem 0x00000000-0x00000fff]
[    0.000000] PM: Registered nosave memory: [mem 0x0009f000-0x0009ffff]
[    0.000000] PM: Registered nosave memory: [mem 0x000a0000-0x000effff]
[    0.000000] PM: Registered nosave memory: [mem 0x000f0000-0x000fffff]
[    0.000000] e820: [mem 0x40000000-0xfebfffff] available for PCI devices
[    0.000000] Booting paravirtualized kernel on KVM
[    0.000000] clocksource: refined-jiffies: mask: 0xffffffff max_cycles: 0xffffffff, max_idle_ns: 7645519600211568 ns
[    0.000000] setup_percpu: NR_CPUS:8192 nr_cpumask_bits:2 nr_cpu_ids:2 nr_node_ids:1
[    0.000000] percpu: Embedded 50 pages/cpu s167936 r8192 d28672 u1048576
[    0.000000] PV qspinlock hash table entries: 256 (order: 0, 4096 bytes)
[    0.000000] Built 1 zonelists, mobility grouping on.  Total pages: 257913
[    0.000000] Policy zone: DMA32
[    0.000000] Kernel command line: BOOT_IMAGE=/boot/vmlinuz-4.15.0-212-generic root=LABEL=cloudimg-rootfs ro console=tty1 console=ttyS0
[    0.000000] Memory: 982644K/1048120K available (12300K kernel code, 2477K rwdata, 4324K rodata, 2480K init, 2720K bss, 65476K reserved, 0K cma-reserved)
[    0.000000] SLUB: HWalign=64, Order=0-3, MinObjects=0, CPUs=2, Nodes=1
[    0.000000] ftrace: allocating 39508 entries in 155 pages
[    0.004000] Hierarchical RCU implementation.
[    0.004000] 	RCU restricting CPUs from NR_CPUS=8192 to nr_cpu_ids=2.
[    0.004000] 	Tasks RCU enabled.
[    0.004000] RCU: Adjusting geometry for rcu_fanout_leaf=16, nr_cpu_ids=2
[    0.004000] NR_IRQS: 524544, nr_irqs: 440, preallocated irqs: 16
[    0.004000] random: crng init done
[    0.004000] Console: colour VGA+ 80x25
[    0.004000] console [tty1] enabled
[    0.004000] console [ttyS0] enabled
[    0.004000] ACPI: Core revision 20170831
[    0.004000] ACPI: 2 ACPI AML tables successfully acquired and loaded
[    0.004000] APIC: Switch to symmetric I/O mode setup
[    0.004000] ..TIMER: vector=0x30 apic1=0 pin1=2 apic2=-1 pin2=-1
[    0.004000] tsc: Detected 1190.401 MHz processor
[    0.004022] Calibrating delay loop (skipped) preset value.. 2380.80 BogoMIPS (lpj=4761604)
[    0.008015] pid_max: default: 32768 minimum: 301
[    0.012192] Security Framework initialized
[    0.016012] Yama: becoming mindful.
[    0.020171] AppArmor: AppArmor initialized
[    0.040769] Dentry cache hash table entries: 131072 (order: 8, 1048576 bytes)
[    0.052098] Inode-cache hash table entries: 65536 (order: 7, 524288 bytes)
[    0.060010] Mount-cache hash table entries: 2048 (order: 2, 16384 bytes)
[    0.064140] Mountpoint-cache hash table entries: 2048 (order: 2, 16384 bytes)
[    0.073719] Last level iTLB entries: 4KB 0, 2MB 0, 4MB 0
[    0.076005] Last level dTLB entries: 4KB 0, 2MB 0, 4MB 0, 1GB 0
[    0.080008] Spectre V1 : Mitigation: usercopy/swapgs barriers and __user pointer sanitization
[    0.084006] Spectre V2 : Mitigation: Enhanced IBRS
[    0.088003] Spectre V2 : Spectre v2 / SpectreRSB mitigation: Filling RSB on context switch
[    0.092006] Spectre V2 : Spectre v2 / PBRSB-eIBRS: Retire a single CALL on VMEXIT
[    0.096004] RETBleed: Mitigation: Enhanced IBRS
[    0.100004] Speculative Store Bypass: Vulnerable
[    0.104094] MMIO Stale Data: Mitigation: Clear CPU buffers
[    0.108005] SRBDS: Unknown: Dependent on hypervisor status
[    0.112263] Freeing SMP alternatives memory: 36K
[    0.232905] APIC calibration not consistent with PM-Timer: 98ms instead of 100ms
[    0.236000] APIC delta adjusted to PM-Timer: 6240571 (6151397)
[    0.236825] smpboot: CPU0: Intel(R) Core(TM) i5-1035G1 CPU @ 1.00GHz (family: 0x6, model: 0x7e, stepping: 0x5)
[    0.244604] Performance Events: unsupported p6 CPU model 126 no PMU driver, software events only.
[    0.248173] Hierarchical SRCU implementation.
[    0.252957] NMI watchdog: Perf event create on CPU 0 failed with -2
[    0.256005] NMI watchdog: Perf NMI watchdog permanently disabled
[    0.260421] smp: Bringing up secondary CPUs ...
[    0.265325] x86: Booting SMP configuration:
[    0.268077] .... node  #0, CPUs:      #1
[    0.004000] kvm-clock: cpu 1, msr 0:3ff44041, secondary cpu clock
[    0.292000] TSC synchronization [CPU#0 -> CPU#1]:
[    0.292000] Measured 29735 cycles TSC warp between CPUs, turning off TSC clock.
[    0.292000] tsc: Marking TSC unstable due to check_tsc_sync_source failed
[    0.300411] smp: Brought up 1 node, 2 CPUs
[    0.304007] smpboot: Max logical packages: 1
[    0.308016] smpboot: Total of 2 processors activated (4761.60 BogoMIPS)
[    0.316013] devtmpfs: initialized
[    0.324279] x86/mm: Memory block size: 128MB
[    0.332249] evm: security.selinux
[    0.336004] evm: security.SMACK64
[    0.340008] evm: security.SMACK64EXEC
[    0.344008] evm: security.SMACK64TRANSMUTE
[    0.348009] evm: security.SMACK64MMAP
[    0.352010] evm: security.apparmor
[    0.356007] evm: security.ima
[    0.360010] evm: security.capability
[    0.368812] clocksource: jiffies: mask: 0xffffffff max_cycles: 0xffffffff, max_idle_ns: 7645041785100000 ns
[    0.372019] futex hash table entries: 512 (order: 3, 32768 bytes)
[    0.376320] pinctrl core: initialized pinctrl subsystem
[    0.380626] RTC time:  9:58:10, date: 09/12/24
[    0.385627] NET: Registered protocol family 16
[    0.388145] audit: initializing netlink subsys (disabled)
[    0.392357] audit: type=2000 audit(1726135095.630:1): state=initialized audit_enabled=0 res=1
[    0.416011] cpuidle: using governor ladder
[    0.420025] cpuidle: using governor menu
[    0.424109] ACPI: bus type PCI registered
[    0.428009] acpiphp: ACPI Hot Plug PCI Controller Driver version: 0.5
[    0.437459] PCI: Using configuration type 1 for base access
[    0.452055] HugeTLB registered 2.00 MiB page size, pre-allocated 0 pages
[    0.465600] ACPI: Added _OSI(Module Device)
[    0.468011] ACPI: Added _OSI(Processor Device)
[    0.472006] ACPI: Added _OSI(3.0 _SCP Extensions)
[    0.476013] ACPI: Added _OSI(Processor Aggregator Device)
[    0.480015] ACPI: Added _OSI(Linux-Dell-Video)
[    0.484022] ACPI: Added _OSI(Linux-Lenovo-NV-HDMI-Audio)
[    0.488014] ACPI: Added _OSI(Linux-HPI-Hybrid-Graphics)
[    0.493797] ACPI: Executed 1 blocks of module-level executable AML code
[    0.508017] ACPI: Interpreter enabled
[    0.512027] ACPI: (supports S0 S5)
[    0.516007] ACPI: Using IOAPIC for interrupt routing
[    0.520467] PCI: Using host bridge windows from ACPI; if necessary, use "pci=nocrs" and report a bug
[    0.524287] ACPI: Enabled 2 GPEs in block 00 to 07
[    0.539675] ACPI: PCI Root Bridge [PCI0] (domain 0000 [bus 00-ff])
[    0.540018] acpi PNP0A03:00: _OSC: OS supports [ASPM ClockPM Segments MSI]
[    0.545452] acpi PNP0A03:00: _OSC: not requesting OS control; OS requires [ExtendedConfig ASPM ClockPM MSI]
[    0.548020] acpi PNP0A03:00: fail to add MMCONFIG information, can't access extended PCI configuration space under this bridge.
[    0.553145] PCI host bridge to bus 0000:00
[    0.556067] pci_bus 0000:00: root bus resource [io  0x0000-0x0cf7 window]
[    0.560019] pci_bus 0000:00: root bus resource [io  0x0d00-0xffff window]
[    0.564013] pci_bus 0000:00: root bus resource [mem 0x000a0000-0x000bffff window]
[    0.568009] pci_bus 0000:00: root bus resource [mem 0x40000000-0xfdffffff window]
[    0.572008] pci_bus 0000:00: root bus resource [bus 00-ff]
[    0.590282] pci 0000:00:01.1: legacy IDE quirk: reg 0x10: [io  0x01f0-0x01f7]
[    0.592015] pci 0000:00:01.1: legacy IDE quirk: reg 0x14: [io  0x03f6]
[    0.596007] pci 0000:00:01.1: legacy IDE quirk: reg 0x18: [io  0x0170-0x0177]
[    0.600014] pci 0000:00:01.1: legacy IDE quirk: reg 0x1c: [io  0x0376]
[    0.649159] pci 0000:00:07.0: quirk: [io  0x4000-0x403f] claimed by PIIX4 ACPI
[    0.652149] pci 0000:00:07.0: quirk: [io  0x4100-0x410f] claimed by PIIX4 SMB
[    0.674613] ACPI: PCI Interrupt Link [LNKA] (IRQs 5 9 10 *11)
[    0.677449] ACPI: PCI Interrupt Link [LNKB] (IRQs 5 9 *10 11)
[    0.680544] ACPI: PCI Interrupt Link [LNKC] (IRQs 5 *9 10 11)
[    0.684568] ACPI: PCI Interrupt Link [LNKD] (IRQs 5 9 10 *11)
[    0.694064] SCSI subsystem initialized
[    0.696825] pci 0000:00:02.0: vgaarb: setting as boot VGA device
[    0.700000] pci 0000:00:02.0: vgaarb: VGA device added: decodes=io+mem,owns=io+mem,locks=none
[    0.700021] pci 0000:00:02.0: vgaarb: bridge control possible
[    0.704010] vgaarb: loaded
[    0.708206] ACPI: bus type USB registered
[    0.712036] usbcore: registered new interface driver usbfs
[    0.716085] usbcore: registered new interface driver hub
[    0.720040] usbcore: registered new device driver usb
[    0.728408] EDAC MC: Ver: 3.0.0
[    0.736814] PCI: Using ACPI for IRQ routing
[    0.745089] NetLabel: Initializing
[    0.748007] NetLabel:  domain hash size = 128
[    0.752007] NetLabel:  protocols = UNLABELED CIPSOv4 CALIPSO
[    0.756079] NetLabel:  unlabeled traffic allowed by default
[    0.764443] clocksource: Switched to clocksource kvm-clock
[    0.776142] VFS: Disk quotas dquot_6.6.0
[    0.776142] VFS: Dquot-cache hash table entries: 512 (order 0, 4096 bytes)
[    0.776142] AppArmor: AppArmor Filesystem Enabled
[    0.776142] pnp: PnP ACPI init
[    0.776142] pnp: PnP ACPI: found 3 devices
[    0.939567] clocksource: acpi_pm: mask: 0xffffff max_cycles: 0xffffff, max_idle_ns: 2085701024 ns
[    0.940829] NET: Registered protocol family 2
[    0.940829] IP idents hash table entries: 16384 (order: 5, 131072 bytes)
[    0.968293] TCP established hash table entries: 8192 (order: 4, 65536 bytes)
[    0.976795] TCP bind hash table entries: 8192 (order: 5, 131072 bytes)
[    0.984578] TCP: Hash tables configured (established 8192 bind 8192)
[    0.992004] UDP hash table entries: 512 (order: 2, 16384 bytes)
[    0.998675] UDP-Lite hash table entries: 512 (order: 2, 16384 bytes)
[    1.006134] NET: Registered protocol family 1
[    1.011519] pci 0000:00:00.0: Limiting direct PCI/PCI transfers
[    1.018368] pci 0000:00:01.0: Activating ISA DMA hang workarounds
[    1.026925] pci 0000:00:02.0: Video device with shadowed ROM at [mem 0x000c0000-0x000dffff]
[    1.043225] Unpacking initramfs...
[    1.796127] Freeing initrd memory: 19528K
[    1.873274] clocksource: tsc: mask: 0xffffffffffffffff max_cycles: 0x1128afdff82, max_idle_ns: 440795247715 ns
[    1.885227] platform rtc_cmos: registered platform RTC device (no PNP device found)
[    1.893820] Scanning for low memory corruption every 60 seconds
[    1.901763] Initialise system trusted keyrings
[    1.907244] Key type blacklist registered
[    1.912840] workingset: timestamp_bits=36 max_order=18 bucket_order=0
[    1.923397] zbud: loaded
[    1.936274] squashfs: version 4.0 (2009/01/31) Phillip Lougher
[    1.954726] fuse init (API version 7.26)
[    2.019305] Key type asymmetric registered
[    2.029754] Asymmetric key parser 'x509' registered
[    2.040315] Block layer SCSI generic (bsg) driver version 0.4 loaded (major 246)
[    2.051798] io scheduler noop registered
[    2.063511] io scheduler deadline registered
[    2.072485] io scheduler cfq registered (default)
[    2.079698] ACPI: AC Adapter [AC] (on-line)
[    2.085715] input: Power Button as /devices/LNXSYSTM:00/LNXPWRBN:00/input/input0
[    2.103306] ACPI: Power Button [PWRF]
[    2.113857] input: Sleep Button as /devices/LNXSYSTM:00/LNXSLPBN:00/input/input1
[    2.131403] ACPI: Sleep Button [SLPF]
[    2.144923] Serial: 8250/16550 driver, 32 ports, IRQ sharing enabled
[    2.149967] ACPI: Battery Slot [BAT0] (battery present)
[    2.215371] 00:02: ttyS0 at I/O 0x3f8 (irq = 4, base_baud = 115200) is a 16550A
[    2.240185] Linux agpgart interface v0.103
[    2.263749] loop: module loaded
[    2.278964] scsi host0: ata_piix
[    2.291634] scsi host1: ata_piix
[    2.297284] ata1: PATA max UDMA/33 cmd 0x1f0 ctl 0x3f6 bmdma 0xd000 irq 14
[    2.306911] ata2: PATA max UDMA/33 cmd 0x170 ctl 0x376 bmdma 0xd008 irq 15
[    2.315389] tun: Universal TUN/TAP device driver, 1.6
[    2.322570] PPP generic driver version 2.4.2
[    2.328485] ehci_hcd: USB 2.0 'Enhanced' Host Controller (EHCI) Driver
[    2.335647] ehci-pci: EHCI PCI platform driver
[    2.341318] ehci-platform: EHCI generic platform driver
[    2.347518] ohci_hcd: USB 1.1 'Open' Host Controller (OHCI) Driver
[    2.355298] ohci-pci: OHCI PCI platform driver
[    2.361239] ohci-platform: OHCI generic platform driver
[    2.368441] uhci_hcd: USB Universal Host Controller Interface driver
[    2.377252] i8042: PNP: PS/2 Controller [PNP0303:PS2K,PNP0f03:PS2M] at 0x60,0x64 irq 1,12
[    2.390328] serio: i8042 KBD port at 0x60,0x64 irq 1
[    2.396935] serio: i8042 AUX port at 0x60,0x64 irq 12
[    2.403847] mousedev: PS/2 mouse device common for all mice
[    2.412516] input: AT Translated Set 2 keyboard as /devices/platform/i8042/serio0/input/input2
[    2.413808] rtc_cmos rtc_cmos: rtc core: registered rtc_cmos as rtc0
[    2.431456] rtc_cmos rtc_cmos: alarms up to one day, 114 bytes nvram
[    2.439248] i2c /dev entries driver
[    2.444108] device-mapper: uevent: version 1.0.3
[    2.449543] device-mapper: ioctl: 4.37.0-ioctl (2017-09-20) initialised: dm-devel@redhat.com
[    2.458887] ledtrig-cpu: registered to indicate activity on CPUs
[    2.469051] NET: Registered protocol family 10
[    2.547984] Segment Routing with IPv6
[    2.553976] NET: Registered protocol family 17
[    2.563638] Key type dns_resolver registered
[    2.584044] mce: Using 0 MCE banks
[    2.594827] RAS: Correctable Errors collector initialized.
[    2.611005] sched_clock: Marking stable (2610802544, 0)->(4434082028, -1823279484)
[    2.651263] registered taskstats version 1
[    2.663725] Loading compiled-in X.509 certificates
[    2.687536] Loaded X.509 cert 'Build time autogenerated kernel key: b5b26778eaa3ab3a4a6cee031137706e947d12ad'
[    2.712770] Loaded X.509 cert 'Canonical Ltd. Live Patch Signing: 14df34d1a87cf37625abec039ef2bf521249b969'
[    2.738239] Loaded X.509 cert 'Canonical Ltd. Kernel Module Signing: 88f752e560a1e0737e31163a466ad7b70a850c19'
[    2.765239] blacklist: Loading compiled-in revocation X.509 certificates
[    2.779116] Loaded X.509 cert 'Canonical Ltd. Secure Boot Signing: 61482aa2830d0ab2ad5af10b7250da9033ddcef0'
[    2.792810] Loaded X.509 cert 'Canonical Ltd. Secure Boot Signing (2017): 242ade75ac4a15e50d50c84b0d45ff3eae707a03'
[    2.805805] Loaded X.509 cert 'Canonical Ltd. Secure Boot Signing (ESM 2018): 365188c1d374d6b07c3c8f240f8ef722433d6a8b'
[    2.820473] Loaded X.509 cert 'Canonical Ltd. Secure Boot Signing (2019): c0746fd6c5da3ae827864651ad66ae47fe24b3e8'
[    2.838253] Loaded X.509 cert 'Canonical Ltd. Secure Boot Signing (2021 v1): a8d54bbb3825cfb94fa13c9f8a594a195c107b8d'
[    2.851537] Loaded X.509 cert 'Canonical Ltd. Secure Boot Signing (2021 v2): 4cf046892d6fd3c9a5b03f98d845f90851dc6a8c'
[    2.875162] Loaded X.509 cert 'Canonical Ltd. Secure Boot Signing (2021 v3): 100437bb6de6e469b581e61cd66bce3ef4ed53af'
[    2.893342] Loaded X.509 cert 'Canonical Ltd. Secure Boot Signing (Ubuntu Core 2019): c1d57b8f6b743f23ee41f4f7ee292f06eecadfb9'
[    2.912589] zswap: loaded using pool lzo/zbud
[    2.938833] Key type big_key registered
[    2.944953] Key type trusted registered
[    2.959413] Key type encrypted registered
[    2.965312] AppArmor: AppArmor sha1 policy hashing enabled
[    2.974358] ima: No TPM chip found, activating TPM-bypass! (rc=-19)
[    2.982625] ima: Allocated hash algorithm: sha1
[    2.987734] evm: HMAC attrs: 0x1
[    2.999173]   Magic number: 8:316:980
[    3.011352] rtc_cmos rtc_cmos: setting system clock to 2024-09-12 09:58:13 UTC (1726135093)
[    3.028727] BIOS EDD facility v0.16 2004-Jun-25, 0 devices found
[    3.037303] EDD information not available.
[    3.048239] Freeing unused kernel image memory: 2480K
[    3.064599] Write protecting the kernel read-only data: 20480k
[    3.076894] Freeing unused kernel image memory: 2008K
[    3.094492] Freeing unused kernel image memory: 1820K
[    3.118080] x86/mm: Checked W+X mappings: passed, no W+X pages found.
Loading, please wait...
starting version 237
[    3.343229] e1000: Intel(R) PRO/1000 Network Driver - version 7.3.21-k8-NAPI
[    3.352949] e1000: Copyright (c) 1999-2006 Intel Corporation.
[    3.367331] Fusion MPT base driver 3.04.20
[    3.374557] Copyright (c) 1999-2008 LSI Corporation
[    3.407834] Fusion MPT SPI Host driver 3.04.20
[    3.434637] SSE version of gcm_enc/dec engaged.
[    3.642278] input: ImExPS/2 Generic Explorer Mouse as /devices/platform/i8042/serio1/input/input4
[    4.506606] e1000 0000:00:03.0 eth0: (PCI:33MHz:32-bit) 02:3b:7b:b7:3b:2d
[    4.522643] e1000 0000:00:03.0 eth0: Intel(R) PRO/1000 Network Connection
[    5.469143] e1000 0000:00:08.0 eth1: (PCI:33MHz:32-bit) 08:00:27:1f:de:47
[    5.477849] e1000 0000:00:08.0 eth1: Intel(R) PRO/1000 Network Connection
[    5.492989] e1000 0000:00:08.0 enp0s8: renamed from eth1
[    5.508081] mptbase: ioc0: Initiating bringup
[    5.526143] e1000 0000:00:03.0 enp0s3: renamed from eth0
[    5.647173] ioc0: LSI53C1030 A0: Capabilities={Initiator}
[    5.946551] scsi host2: ioc0: LSI53C1030 A0, FwRev=00000000h, Ports=1, MaxQ=256, IRQ=20
[    6.139390] scsi 2:0:0:0: Direct-Access     VBOX     HARDDISK         1.0  PQ: 0 ANSI: 5
[    6.849915] scsi target2:0:0: Beginning Domain Validation
[    6.883157] scsi target2:0:0: Domain Validation skipping write tests
[    6.894753] scsi target2:0:0: Ending Domain Validation
[    6.904270] scsi target2:0:0: asynchronous
[    6.924601] scsi 2:0:1:0: Direct-Access     VBOX     HARDDISK         1.0  PQ: 0 ANSI: 5
[    8.085831] scsi target2:0:1: Beginning Domain Validation
[    8.109821] scsi target2:0:1: Domain Validation skipping write tests
[    8.117870] scsi target2:0:1: Ending Domain Validation
[    8.123303] scsi target2:0:1: asynchronous
[    8.154170] sd 2:0:0:0: Attached scsi generic sg0 type 0
[    8.167638] sd 2:0:1:0: Attached scsi generic sg1 type 0
[    8.183362] sd 2:0:0:0: [sda] 83886080 512-byte logical blocks: (42.9 GB/40.0 GiB)
[    8.184893] sd 2:0:1:0: [sdb] 20480 512-byte logical blocks: (10.5 MB/10.0 MiB)
[    8.215135] sd 2:0:0:0: [sda] Write Protect is off
[    8.216718] sd 2:0:1:0: [sdb] Write Protect is off
[    8.240818] sd 2:0:0:0: [sda] Incomplete mode parameter data
[    8.241197] sd 2:0:1:0: [sdb] Incomplete mode parameter data
[    8.261598] sd 2:0:0:0: [sda] Assuming drive cache: write through
[    8.264432] sd 2:0:1:0: [sdb] Assuming drive cache: write through
[    8.284518]  sda: sda1
[    8.290433] sd 2:0:1:0: [sdb] Attached SCSI disk
[    8.302508] sd 2:0:0:0: [sda] Attached SCSI disk
Begin: Loading essential drivers ... [   12.088649] raid6: sse2x1   gen() 146366 MB/s
[   13.090327] raid6: sse2x1   xor() 122438 MB/s
[   15.093197] raid6: sse2x2   gen() 292408 MB/s
[   17.097613] raid6: sse2x2   xor() 142155 MB/s
[   17.165683] raid6: sse2x4   gen() 17648 MB/s
[   17.230633] raid6: sse2x4   xor()  9529 MB/s
[   17.244889] raid6: using algorithm sse2x2 gen() 292408 MB/s
[   17.261449] raid6: .... xor() 142155 MB/s, rmw enabled
[   17.273372] raid6: using ssse3x2 recovery algorithm
[   17.283545] xor: measuring software checksum speed
[   17.328301]    prefetch64-sse: 18910.000 MB/sec
[   17.372835]    generic_sse: 20403.000 MB/sec
[   17.382987] xor: using function: generic_sse (20403.000 MB/sec)
[   17.400250] async_tx: api initialized (async)
done.
Begin: Running /scripts/init-premount ... done.
Begin: Mounting root file system ... Begin: Running /scripts/local-top ... done.
Begin: Running /scripts/local-premount ... [   17.583237] Btrfs loaded, crc32c=crc32c-intel
Scanning for Btrfs filesystems
done.
Warning: fsck not present, so skipping root file system
[   17.723212] EXT4-fs (sda1): mounted filesystem with ordered data mode. Opts: (null)
done.
Begin: Running /scripts/local-bottom ... done.
Begin: Running /scripts/init-bottom ... done.
[   18.219889] ip_tables: (C) 2000-2006 Netfilter Core Team
[   18.244777] systemd[1]: systemd 237 running in system mode. (+PAM +AUDIT +SELINUX +IMA +APPARMOR +SMACK +SYSVINIT +UTMP +LIBCRYPTSETUP +GCRYPT +GNUTLS +ACL +XZ +LZ4 +SECCOMP +BLKID +ELFUTILS +KMOD -IDN2 +IDN -PCRE2 default-hierarchy=hybrid)
[   18.264825] systemd[1]: Detected virtualization oracle.
[   18.269906] systemd[1]: Detected architecture x86-64.

Welcome to [1mUbuntu 18.04.6 LTS[0m!

[   18.315463] systemd[1]: Set hostname to <ubuntu>.
[   18.337961] systemd[1]: Initializing machine ID from random generator.
[   18.349600] systemd[1]: Installed transient /etc/machine-id file.
[   19.213882] systemd[1]: Created slice System Slice.
[[0;32m  OK  [0m] Created slice System Slice.
[   19.230958] systemd[1]: Listening on Journal Socket.
[[0;32m  OK  [0m] Listening on Journal Socket.
[   19.251120] systemd[1]: Listening on Syslog Socket.
[[0;32m  OK  [0m] Listening on Syslog Socket.
[   19.261869] systemd[1]: Starting Create list of required static device nodes for the current kernel...
         Starting Create list of required st…ce nodes for the current kernel...
[[0;32m  OK  [0m] Listening on udev Kernel Socket.
[[0;32m  OK  [0m] Listening on Device-mapper event daemon FIFOs.
         Mounting Kernel Debug File System...
         Mounting POSIX Message Queue File System...
[[0;32m  OK  [0m] Reached target System Time Synchronized.
[[0;32m  OK  [0m] Reached target Swap.
[[0;32m  OK  [0m] Created slice system-serial\x2dgetty.slice.
         Starting Load Kernel Modules...
[[0;32m  OK  [0m] Reached target User and Group Name Lookups.
[[0;32m  OK  [0m] Listening on Journal Socket (/dev/log).
[[0;32m  OK  [0m] Listening on Journal Audit Socket.
[   19.330583] Loading iSCSI transport class v2.0-870.
         Starting Set the console keyboard layout...
[[0;32m  OK  [0m] Created slice User and Session Slice.
[[0;32m  OK  [0m] Reached target Slices.
         Starting Uncomplicated firewall...
[[0;32m  OK  [0m] Listening on Network Service Netlink Socket.
[[0;32m  OK  [0m] [   19.367701] iscsi: registered transport (tcp)
Listening on fsck to fsckd communication Socket.
         Starting File System Check on Root Device...
[[0;32m  OK  [0m] Reached target Mounting snaps.
[[0;32m  OK  [0m] Reached target Mounted snaps.
[[0;32m  OK  [0m] Listening on LVM2 poll daemon socket.
[[0;32m  OK  [0m] Started Forward Password Requests to Wall Directory Watch.
         Starting Journal Service...
[[0;32m  OK  [0m] Set up automount Arbitrary Executab…rmats File System Automount Point.
         Mounting Huge Pages File System...
[[0;32m  OK  [0m] Listening on LVM2 metadata daemon socket.
         Starting Monitoring of LVM2 mirrors…ng dmeventd or progress polling...
[[0;32m  OK  [0m] Listening on udev Control Socket.
         Starting udev Coldplug all Devices...
[[0;32m  OK  [0m] Listening on /dev/initctl Compatibility Named Pipe.
[[0;32m  OK  [0m] Started Create list of required sta…vice nodes for the current kernel.
[[0;32m  OK  [0m] Mounted Kernel Debug File System.
[[0;32m  OK  [0m] Mounted POSIX Message Queue File System.
[[0;32m  OK  [0m] Started Uncomplicated firewall.
[[0;32m  OK  [0m] Mounted Huge Pages File System.
[[0;32m  OK  [0m] Started File System Check Daemon to report status.
         Starting Create Static Device Nodes in /dev...
[[0;32m  OK  [0m] Started File System Check on Root Device.
         Starting Remount Root and Kernel File Systems...
[[0;32m  OK  [0m] Started Journal Service.
[[0;32m  OK  [0m] Started LVM2 metadata daemon.
[   19.667148] iscsi: registered transport (iser)
[[0;32m  OK  [0m] Started Load Kernel Modules.
         Starting Apply Kernel Variables...
         Mounting FUSE Control File System...
         Mounting Kernel Configuration File System...
[[0;32m  OK  [0m] Mounted Kernel Configuration File System.
[[0;32m  OK  [0m] Mounted FUSE Control File System.
[[0;32m  OK  [0m] Started Create Static Device Nodes in /dev.
[[0;32m  OK  [0m] Started udev Coldplug all Devices.
[[0;32m  OK  [0m] Started Remount Root and Kernel File Systems.
         Starting Flush Journal to Persistent Storage...
         Starting udev Kernel Device Manager...
         Starting Load/Save Random Seed...
[[0;32m  OK  [0m] Started Monitoring of LVM2 mirrors,…sing dmeventd or progress polling.
[[0;32m  OK  [0m] Started Apply Kernel Variables.
[[0;32m  OK  [0m] Started Load/Save Random Seed.
[[0;32m  OK  [0m] Started udev Kernel Device Manager.
[[0;32m  OK  [0m] Started Flush Journal to Persistent Storage.
[[0;32m  OK  [0m] Found device /dev/ttyS0.
[[0;32m  OK  [0m] Listening on Load/Save RF Kill Switch Status /dev/rfkill Watch.
[[0;32m  OK  [0m] Started Set the console keyboard layout.
[[0;32m  OK  [0m] Reached target Local File Systems (Pre).
[[0;32m  OK  [0m] Reached target Local File Systems.
         Starting ebtables ruleset management...
         Starting Tell Plymouth To Write Out Runtime Data...
         Starting Set console font and keymap...
         Starting Commit a transient machine-id on disk...
         Starting Create Volatile Files and Directories...
         Starting AppArmor initialization...
[[0;32m  OK  [0m] Started Dispatch Password Requests to Console Directory Watch.
[[0;32m  OK  [0m] Reached target Local Encrypted Volumes.
[[0;32m  OK  [0m] Started Tell Plymouth To Write Out Runtime Data.
[[0;32m  OK  [0m] Started Commit a transient machine-id on disk.
[[0;32m  OK  [0m] Started ebtables ruleset management.
[[0;32m  OK  [0m] Started Create Volatile Files and Directories.
         Mounting Arbitrary Executable File Formats File System...
         Starting Update UTMP about System Boot/Shutdown...
[[0;32m  OK  [0m] Mounted Arbitrary Executable File Formats File System.
[[0;32m  OK  [0m] Started Update UTMP about System Boot/Shutdown.
[[0;32m  OK  [0m] Started AppArmor initialization.
         Starting Initial cloud-init job (pre-networking)...
         Starting Load AppArmor profiles managed internally by snapd...
[[0;32m  OK  [0m] Started Load AppArmor profiles managed internally by snapd.
[[0;32m  OK  [0m] Started Set console font and keymap.
[   26.163388] cloud-init[766]: Cloud-init v. 23.1.2-0ubuntu0~18.04.1 running 'init-local' at Thu, 12 Sep 2024 09:58:35 +0000. Up 25.37 seconds.
[[0;32m  OK  [0m] Started Initial cloud-init job (pre-networking).
[[0;32m  OK  [0m] Reached target Network (Pre).
         Starting Network Service...
[[0;32m  OK  [0m] Started Network Service.
         Starting Network Name Resolution...
         Starting Wait for Network to be Configured...
[[0;32m  OK  [0m] Started Network Name Resolution.
[[0;32m  OK  [0m] Reached target Host and Network Name Lookups.
[[0;32m  OK  [0m] Reached target Network.
[[0;32m  OK  [0m] Started Wait for Network to be Configured.
         Starting Initial cloud-init job (metadata service crawler)...
[   28.969262] cloud-init[926]: Cloud-init v. 23.1.2-0ubuntu0~18.04.1 running 'init' at Thu, 12 Sep 2024 09:58:39 +0000. Up 28.64 seconds.
[   28.976714] cloud-init[926]: ci-info: ++++++++++++++++++++++++++++++++++++++Net device info+++++++++++++++++++++++++++++++++++++++
[   28.983120] cloud-init[926]: ci-info: +--------+-------+----------------------------+---------------+--------+-------------------+
[   28.989147] cloud-init[926]: ci-info: | Device |   Up  |          Address           |      Mask     | Scope  |     Hw-Address    |
[   28.997380] cloud-init[926]: ci-info: +--------+-------+----------------------------+---------------+--------+-------------------+
[   29.007214] cloud-init[926]: ci-info: | enp0s3 |  True |         10.0.2.15          | 255.255.255.0 | global | 02:3b:7b:b7:3b:2d |
[   29.013861] cloud-init[926]: ci-info: | enp0s3 |  True | fe80::3b:7bff:feb7:3b2d/64 |       .       |  link  | 02:3b:7b:b7:3b:2d |
[   29.018975] cloud-init[926]: ci-info: | enp0s8 | False |             .              |       .       |   .    | 08:00:27:1f:de:47 |
[   29.024943] cloud-init[926]: ci-info: |   lo   |  True |         127.0.0.1          |   255.0.0.0   |  host  |         .         |
[   29.030634] cloud-init[926]: ci-info: |   lo   |  True |          ::1/128           |       .       |  host  |         .         |
[   29.042999] cloud-init[926]: ci-info: +--------+-------+----------------------------+---------------+--------+-------------------+
[   29.053879] cloud-init[926]: ci-info: ++++++++++++++++++++++++++++Route IPv4 info+++++++++++++++++++++++++++++
[   29.058201] cloud-init[926]: ci-info: +-------+-------------+----------+-----------------+-----------+-------+
[   29.062977] cloud-init[926]: ci-info: | Route | Destination | Gateway  |     Genmask     | Interface | Flags |
[   29.068661] cloud-init[926]: ci-info: +-------+-------------+----------+-----------------+-----------+-------+
[   29.073432] cloud-init[926]: ci-info: |   0   |   0.0.0.0   | 10.0.2.2 |     0.0.0.0     |   enp0s3  |   UG  |
[   29.077681] cloud-init[926]: ci-info: |   1   |   10.0.2.0  | 0.0.0.0  |  255.255.255.0  |   enp0s3  |   U   |
[   29.082035] cloud-init[926]: ci-info: |   2   |   10.0.2.2  | 0.0.0.0  | 255.255.255.255 |   enp0s3  |   UH  |
[   29.086740] cloud-init[926]: ci-info: +-------+-------------+----------+-----------------+-----------+-------+
[   29.091944] cloud-init[926]: ci-info: +++++++++++++++++++Route IPv6 info+++++++++++++++++++
[   29.096533] cloud-init[926]: ci-info: +-------+-------------+---------+-----------+-------+
[   29.100388] cloud-init[926]: ci-info: | Route | Destination | Gateway | Interface | Flags |
[   29.103982] cloud-init[926]: ci-info: +-------+-------------+---------+-----------+-------+
[   29.107692] cloud-init[926]: ci-info: |   1   |  fe80::/64  |    ::   |   enp0s3  |   U   |
[   29.110924] cloud-init[926]: ci-info: |   3   |    local    |    ::   |   enp0s3  |   U   |
[   29.114359] cloud-init[926]: ci-info: |   4   |   ff00::/8  |    ::   |   enp0s3  |   U   |
[   29.117651] cloud-init[926]: ci-info: +-------+-------------+---------+-----------+-------+
[   30.655129] cloud-init[926]: Generating public/private rsa key pair.
[   30.658829] cloud-init[926]: Your identification has been saved in /etc/ssh/ssh_host_rsa_key.
[   30.663282] cloud-init[926]: Your public key has been saved in /etc/ssh/ssh_host_rsa_key.pub.
[   30.671932] cloud-init[926]: The key fingerprint is:
[   30.678057] cloud-init[926]: SHA256:IcGAnvUqqKhq/CmO8Turm6SZKz7zHBlWgXMyhW4zCeQ root@ubuntu-bionic
[   30.689249] cloud-init[926]: The key's randomart image is:
[   30.695473] cloud-init[926]: +---[RSA 2048]----+
[   30.702237] cloud-init[926]: |.. .==.          |
[   30.708174] cloud-init[926]: |...*..o.         |
[   30.715165] cloud-init[926]: | Eoo*o. .        |
[   30.720683] cloud-init[926]: |  o*. .. .       |
[   30.724909] cloud-init[926]: | ..oo.  S        |
[   30.728634] cloud-init[926]: |. o +            |
[   30.734818] cloud-init[926]: |=. +             |
[   30.740952] cloud-init[926]: |B%o o            |
[   30.747815] cloud-init[926]: |^*XO             |
[   30.753495] cloud-init[926]: +----[SHA256]-----+
[   30.757295] cloud-init[926]: Generating public/private dsa key pair.
[   30.762522] cloud-init[926]: Your identification has been saved in /etc/ssh/ssh_host_dsa_key.
[   30.766405] cloud-init[926]: Your public key has been saved in /etc/ssh/ssh_host_dsa_key.pub.
[   30.770658] cloud-init[926]: The key fingerprint is:
[   30.773237] cloud-init[926]: SHA256:8LecWl6she4OHJj+QIjOLoiaVr8cj3idUxufbgGOiX8 root@ubuntu-bionic
[   30.777609] cloud-init[926]: The key's randomart image is:
[   30.780717] cloud-init[926]: +---[DSA 1024]----+
[   30.783014] cloud-init[926]: |                 |
[   30.785721] cloud-init[926]: |                 |
[   30.788207] cloud-init[926]: |      .          |
[   30.790428] cloud-init[926]: |   . . = .       |
[   30.792657] cloud-init[926]: |  . . = S o      |
[   30.794731] cloud-init[926]: | o . + + B *     |
[   30.797085] cloud-init[926]: |o + ..= = X *    |
[   30.799099] cloud-init[926]: |++  oo+B E B     |
[   30.801478] cloud-init[926]: |=....+..=oO.     |
[   30.804007] cloud-init[926]: +----[SHA256]-----+
[   30.806483] cloud-init[926]: Generating public/private ecdsa key pair.
[   30.809444] cloud-init[926]: Your identification has been saved in /etc/ssh/ssh_host_ecdsa_key.
[   30.813213] cloud-init[926]: Your public key has been saved in /etc/ssh/ssh_host_ecdsa_key.pub.
[   30.817380] cloud-init[926]: The key fingerprint is:
[   30.819939] cloud-init[926]: SHA256:WmkajW3PwENdgpQf8ZNwUr2AzUSM7wTwqBoZIo21zzs root@ubuntu-bionic
[   30.824875] cloud-init[926]: The key's randomart image is:
[   30.827530] cloud-init[926]: +---[ECDSA 256]---+
[   30.830881] cloud-init[926]: |  .    .o+=@*.   |
[   30.833643] cloud-init[926]: | + .    o+=B=..  |
[   30.837833] cloud-init[926]: |o + .   o.o++. . |
[   30.842732] cloud-init[926]: | . + o B .. o..  |
[   30.846954] cloud-init[926]: |    = + S  o     |
[   30.849820] cloud-init[926]: |     + B =  .    |
[   30.855611] cloud-init[926]: |    E o   o      |
[   30.861201] cloud-init[926]: |     .           |
[   30.866390] cloud-init[926]: |                 |
[   30.871648] cloud-init[926]: +----[SHA256]-----+
[   30.877282] cloud-init[926]: Generating public/private ed25519 key pair.
[[0;32m  OK  [0m] Started Initial cloud-init job (metadata service crawler).
[   30.886934] cloud-init[[0;32m  OK  [0m] Reached target Cloud-config availability.
[[0;32m  OK  [0m] Reached target System Initialization.
[[0;32m  OK  [0m] Listening on Open-iSCSI iscsid Socket.
[[0;32m  OK  [0m] Listening on ACPID Listen Socket.
[[0;32m  OK  [0m] Started Daily Cleanup of Temporary Directories.
[[0;32m  OK  [0m] Listening on UUID daemon activation socket.
[926]: Your identification has been saved in /etc/ssh/ssh_host_ed25519_key.
         Starting LXD - unix socket.
[   30.913782] cloud-init         Starting Socket activation for snappy daemon.
[[0;32m  OK  [0m] Started Ubuntu Advantage Timer for running repeated jobs.
[[0;32m  OK  [0m] Started Discard unused blocks once a week.
[[0;32m  OK  [0m] Listening on D-Bus System Message Bus Socket.
[[0;32m  OK  [0m] Started Daily apt download activities.
[[0;32m  OK  [0m] Started Daily apt upgrade and clean activities.
[[0;32m  OK  [0m] Listening on cloud-init hotplug hook socket.
[[0;32m  OK  [0m] Started ACPI Events Check.
[[0;32m  OK  [0m] Reached target Paths.
[[0;32m  OK  [0m] Started Message of the Day.
[[0;32m  OK  [0m] Reached target Timers.
[[0;32m  OK  [0m] Reached target Network is Online.
[[0;32m  OK  [0m] Reached target Remote File Systems (Pre).
[[0;32m  OK  [0m] Reached target Remote File Systems.
         Starting Availability of block devices...
[[0;32m  OK  [0m] Listening on LXD - unix socket.
[[0;32m  OK  [0m] Listening on Socket activation for snappy daemon.
[[0;32m  OK  [0m] Reached target Sockets.
[[0;32m  OK  [0m] Reached target Basic System.
         Starting Dispatcher daemon for systemd-networkd...
[[0;32m  OK  [0m] Started Regular background program processing daemon.
         Starting Accounts Service...
[[0;32m  OK  [0m] Started D-Bus System Message Bus.
[926]: Your public key has been saved in /etc/ssh/ssh_host_ed25519_key.pub.
[   30.988066] cloud-init[926]: The key fingerprint is:
[   30.996313] cloud-init[926]: SHA256:RJeXXAzLtqeXwBsoyMLPS6esxNILM6L+j6IBCHu6v7o root@ubuntu-bionic
[   31.006615] cloud-init[926]: The key's randomart image is:
[   31.015129] cloud-init[926]: +--[ED25519 256]--+
[   31.022084] cloud-init[926]: |        . .o.=.  |
[   31.027373] cloud-init[926]: |       . ...+..  |
[   31.033207] cloud-init[926]: |.       .  .+    |
[   31.040350] cloud-init[926]: |o. . . o   + .   |
[   31.046390] cloud-init[926]: |+ . o o S . = .  |
[   31.051349] cloud-init[926]: |.o o +   .   * . |
[   31.059440]          Starting Pollinate to seed the pseudo random number generator...
         Starting System Logging Service...
cloud-init[926]:          Starting Snap Daemon...
|+ = + + .   o o  |         Starting Login Service...

         Starting LSB: automatic crash report generation...
[[0;32m  OK  [0m] Started Deferred execution scheduler.
         Starting Virtualbox guest utils...
[[0;32m  OK  [0m] Reached target Login Prompts (Pre).
[   31.102243] cloud-init[926]: |.= *.+ +     .   |
[   31.122505] cloud-init[926]: |E==++o+          |
[   31.138367] cloud-init[926]: +----[SHA256]-----+
[[0;32m  OK  [0m] Started irqbalance daemon.
         Starting Permit User Sessions...
         Starting LSB: Record successful boot for GRUB...
[[0;32m  OK  [0m] Started FUSE filesystem for LXC.
         Starting LXD - container startup/shutdown...
[[0;32m  OK  [0m] Started System Logging Service.
[[0;32m  OK  [0m] Started Availability of block devices.
[[0;32m  OK  [0m] Started Permit User Sessions.
[[0;32m  OK  [0m] Started Login Service.
[[0;32m  OK  [0m] Started Unattended Upgrades Shutdown.
         Starting Terminate Plymouth Boot Screen...
         Starting Hold until boot process finishes up...
         Starting Authorization Manager...
[[0;32m  OK  [0m] Started Hold until boot process finishes up.
[[0;32m  OK  [0m] Started Serial Getty on ttyS0.
         Starting Set console scheme...
[[0;32m  OK  [0m] Started Terminate Plymouth Boot Screen.
[[0;32m  OK  [0m] Started LSB: automatic crash report generation.
[[0;32m  OK  [0m] Started Set console scheme.
[[0;32m  OK  [0m] Created slice system-getty.slice.
[[0;32m  OK  [0m] Started Getty on tty1.
[[0;32m  OK  [0m] Reached target Login Prompts.
[[0;32m  OK  [0m] Started Authorization Manager.
[[0;32m  OK  [0m] Started Accounts Service.
[[0;32m  OK  [0m] Started LSB: Record successful boot for GRUB.
[[0;32m  OK  [0m] Started Virtualbox guest utils.
[[0;32m  OK  [0m] Started LXD - container startup/shutdown.
[[0;32m  OK  [0m] Started Dispatcher daemon for systemd-networkd.
[[0;32m  OK  [0m] Started Snap Daemon.
         Starting Wait until snapd is fully seeded...
[[0;32m  OK  [0m] Started Pollinate to seed the pseudo random number generator.
         Starting OpenBSD Secure Shell server...
[[0;32m  OK  [0m] Started OpenBSD Secure Shell server.
[[0;32m  OK  [0m] Created slice User Slice of vagrant.
         Starting User Manager for UID 1000...
[[0;32m  OK  [0m] Started Session 1 of user vagrant.
[[0;32m  OK  [0m] Started User Manager for UID 1000.
         Starting Time & Date Service...
[[0;32m  OK  [0m] Started Time & Date Service.

Ubuntu 18.04.6 LTS ubuntu-bionic ttyS0

ubuntu-bionic login: [   44.966671] cloud-init[1821]: Cloud-init v. 23.1.2-0ubuntu0~18.04.1 running 'modules:config' at Thu, 12 Sep 2024 09:58:54 +0000. Up 44.05 seconds.
ci-info: no authorized SSH keys fingerprints found for user ubuntu.
<14>Sep 12 09:58:56 cloud-init: #############################################################
<14>Sep 12 09:58:56 cloud-init: -----BEGIN SSH HOST KEY FINGERPRINTS-----
<14>Sep 12 09:58:56 cloud-init: 1024 SHA256:8LecWl6she4OHJj+QIjOLoiaVr8cj3idUxufbgGOiX8 root@ubuntu-bionic (DSA)
<14>Sep 12 09:58:56 cloud-init: 256 SHA256:WmkajW3PwENdgpQf8ZNwUr2AzUSM7wTwqBoZIo21zzs root@ubuntu-bionic (ECDSA)
<14>Sep 12 09:58:56 cloud-init: 256 SHA256:RJeXXAzLtqeXwBsoyMLPS6esxNILM6L+j6IBCHu6v7o root@ubuntu-bionic (ED25519)
<14>Sep 12 09:58:56 cloud-init: 2048 SHA256:IcGAnvUqqKhq/CmO8Turm6SZKz7zHBlWgXMyhW4zCeQ root@ubuntu-bionic (RSA)
<14>Sep 12 09:58:56 cloud-init: -----END SSH HOST KEY FINGERPRINTS-----
<14>Sep 12 09:58:56 cloud-init: #############################################################
-----BEGIN SSH HOST KEY KEYS-----
ecdsa-sha2-nistp256 AAAAE2VjZHNhLXNoYTItbmlzdHAyNTYAAAAIbmlzdHAyNTYAAABBBNMwhkV/+L6pxuxCBIYbgURlsQaGDKr2vvFnS7DNKDnqTyYaC/D+dDM8fIsMsala3uxyHfv1fYxo2W5wQHIwu/o= root@ubuntu-bionic
ssh-ed25519 AAAAC3NzaC1lZDI1NTE5AAAAINnjfPl/34mLoU2IjWHzFriPS21K3dhUZsnvnm45vJpK root@ubuntu-bionic
ssh-rsa AAAAB3NzaC1yc2EAAAADAQABAAABAQCp6+0vmzLliso8fv7nW2rhDZb5B63xxzwbZ3B/4RF9AinLkqB3BqkU8EfjcP9kx7WrWxnsDm+L8ds4Ki/wJbeqVw0OT4D3nnlrw4mQ8aY1npQlJZDC+N9LJ3ZNXwsQzgQkmw43jqZX+ShoUyv6Vngkvo2M3xeAxk1stIZEZvRfQqJDg/tvOnC75VCgYQRqgAWY0cNR3ilxZFVT1jbExVk6HzbKAfsy659pek9iWD9Qs5LNM9BYQAxkM7Zztsr9rVWU81DYfIr52lt1/74IjH1ZZXbq1ReWjQuwvU7YH8KQsRcfNxZngpJi4bg4zlXQk3zdEJCykM1W0REeQ4zPdQCv root@ubuntu-bionic
-----END SSH HOST KEY KEYS-----
[   46.406756] cloud-init[2007]: Cloud-init v. 23.1.2-0ubuntu0~18.04.1 running 'modules:final' at Thu, 12 Sep 2024 09:58:56 +0000. Up 45.94 seconds.
[   46.418165] cloud-init[2007]: Cloud-init v. 23.1.2-0ubuntu0~18.04.1 finished at Thu, 12 Sep 2024 09:58:56 +0000. Datasource DataSourceNoCloud [seed=/dev/sdb][dsmode=net].  Up 46.33 seconds
[ 6448.317734] PANIC: double fault, error_c[10190.119311] PANIC: double fault, error_code: 0x0
[10190.154788] Kernel panic - not syncing: Machine halted.
[10190.167078] CPU: 0 PID: 1074 Comm: cron Not tainted 4.15.0-212-generic #223-Ubuntu
[10190.182949] Hardware name: innotek GmbH VirtualBox/VirtualBox, BIOS VirtualBox 12/01/2006
[10190.205019] Call Trace:
[10190.211110]  <#DF>
[10190.218470]  dump_stack+0x6d/0x8b
[10190.227044]  panic+0xf7/0x25a
[10190.238774]  df_debug+0x2d/0x30
[10190.248684]  do_double_fault+0xa1/0x130
[10190.260793]  double_fault+0x1e/0x30
[10190.269796] RIP: 0010:__do_page_fault+0x1f/0x4b0
[10190.282328] RSP: 0000:fffffe0000002010 EFLAGS: 00010082
[10190.295026] RAX: 0000000000000028 RBX: 0000000000000000 RCX: ffffffffb8a00a47
[10190.311337] RDX: 0000000000000028 RSI: 0000000000000000 RDI: fffffe00000020b8
[10190.331185] RBP: fffffe0000002078 R08: 0000000000000000 R09: 0000000000000000
[10190.349974] R10: 0000000000000000 R11: 0000000000000000 R12: 0000000000000028
[10190.369710] R13: fffffe00000020b8 R14: 0000000000000000 R15: 0000000000000000
[10190.394626]  ? native_iret+0x7/0x7
[10190.406533]  </#DF>
[10190.416573]  <ENTRY_TRAMPOLINE>
[10190.425189]  do_page_fault+0x2e/0xe0
[10190.434755]  page_fault+0x25/0x50
[10190.442455] RIP: 0010:__do_page_fault+0x1f/0x4b0
[10190.459198] RSP: 0000:fffffe0000002160 EFLAGS: 00010086
[10190.476721] RAX: 0000000000000028 RBX: 0000000000000000 RCX: ffffffffb8a00a47
[10190.494372] RDX: 0000000000000028 RSI: 0000000000000000 RDI: fffffe0000002208
[10190.512862] RBP: fffffe00000021c8 R08: 0000000000000000 R09: 0000000000000000
[10190.533259] R10: 0000000000000000 R11: 0000000000000000 R12: 0000000000000028
[10190.550615] R13: fffffe0000002208 R14: 0000000000000000 R15: 0000000000000000
[10190.565603]  ? native_iret+0x7/0x7
[10190.574805]  do_page_fault+0x2e/0xe0
[10190.588242]  page_fault+0x25/0x50
[10190.598035] RIP: 0010:__do_page_fault+0x1f/0x4b0
[10190.611649] RSP: 0000:fffffe00000022b0 EFLAGS: 00010082
[10190.624422] RAX: 0000000000000028 RBX: 0000000000000000 RCX: ffffffffb8a00a47
[10190.645849] RDX: 0000000000000028 RSI: 0000000000000000 RDI: fffffe0000002358
[10190.671185] RBP: fffffe0000002318 R08: 0000000000000000 R09: 0000000000000000
[10190.691223] R10: 0000000000000000 R11: 0000000000000000 R12: 0000000000000028
[10190.707996] R13: fffffe0000002358 R14: 0000000000000000 R15: 0000000000000000
[10190.721798]  ? native_iret+0x7/0x7
[10190.728275]  do_page_fault+0x2e/0xe0
[10190.734290]  page_fault+0x25/0x50
[10190.745726] RIP: 0010:__do_page_fault+0x1f/0x4b0
[10190.761179] RSP: 0000:fffffe0000002400 EFLAGS: 00010086
[10190.777465] RAX: 0000000000000028 RBX: 0000000000000000 RCX: ffffffffb8a00a47
[10190.794576] RDX: 0000000000000028 RSI: 0000000000000000 RDI: fffffe00000024a8
[10190.815327] RBP: fffffe0000002468 R08: 0000000000000000 R09: 0000000000000000
[10190.840302] R10: 0000000000000000 R11: 0000000000000000 R12: 0000000000000028
[10190.863359] R13: fffffe00000024a8 R14: 0000000000000000 R15: 0000000000000000
[10190.882961]  ? native_iret+0x7/0x7
[10190.893263]  do_page_fault+0x2e/0xe0
[10190.902563]  page_fault+0x25/0x50
[10190.910465] RIP: 0010:__do_page_fault+0x1f/0x4b0
[10190.922322] RSP: 0000:fffffe0000002550 EFLAGS: 00010086
[10190.938941] RAX: 0000000000000028 RBX: 0000000000000000 RCX: ffffffffb8a00a47
[10190.955487] RDX: 0000000000000028 RSI: 0000000000000000 RDI: fffffe00000025f8
[10190.975466] RBP: fffffe00000025b8 R08: 0000000000000000 R09: 0000000000000000
[10190.995518] R10: 0000000000000000 R11: 0000000000000000 R12: 0000000000000028
[10191.015593] R13: fffffe00000025f8 R14: 0000000000000000 R15: 0000000000000000
[10191.036020]  ? native_iret+0x7/0x7
[10191.043130]  do_page_fault+0x2e/0xe0
[10191.053938]  page_fault+0x25/0x50
[10191.063235] RIP: 0010:__do_page_fault+0x1f/0x4b0
[10191.078462] RSP: 0000:fffffe00000026a0 EFLAGS: 00010086
[10191.091187] RAX: 0000000000000028 RBX: 0000000000000000 RCX: ffffffffb8a00a47
[10191.108403] RDX: 0000000000000028 RSI: 0000000000000000 RDI: fffffe0000002748
[10191.127036] RBP: fffffe0000002708 R08: 0000000000000000 R09: 0000000000000000
[10191.145244] R10: 0000000000000000 R11: 0000000000000000 R12: 0000000000000028
[10191.166568] R13: fffffe0000002748 R14: 0000000000000000 R15: 0000000000000000
[10191.183907]  ? native_iret+0x7/0x7
[10191.197253]  do_page_fault+0x2e/0xe0
[10191.209803]  page_fault+0x25/0x50
[10191.219924] RIP: 0010:__do_page_fault+0x1f/0x4b0
[10191.233953] RSP: 0000:fffffe00000027f0 EFLAGS: 00010086
[10191.249188] RAX: 0000000000000028 RBX: 0000000000000000 RCX: ffffffffb8a00a47
[10191.267131] RDX: 0000000000000028 RSI: 0000000000000000 RDI: fffffe0000002898
[10191.284039] RBP: fffffe0000002858 R08: 0000000000000000 R09: 0000000000000000
[10191.298635] R10: 0000000000000000 R11: 0000000000000000 R12: 0000000000000028
[10191.314311] R13: fffffe0000002898 R14: 0000000000000000 R15: 0000000000000000
[10191.331888]  ? native_iret+0x7/0x7
[10191.340148]  do_page_fault+0x2e/0xe0
[10191.349107]  page_fault+0x25/0x50
[10191.356906] RIP: 0010:__do_page_fault+0x1f/0x4b0
[10191.369691] RSP: 0000:fffffe0000002940 EFLAGS: 00010082
[10191.379857] RAX: 0000000000000028 RBX: 0000000000000000 RCX: ffffffffb8a00a47
[10191.398875] RDX: 0000000000000028 RSI: 0000000000000000 RDI: fffffe00000029e8
[10191.419309] RBP: fffffe00000029a8 R08: 0000000000000000 R09: 0000000000000000
[10191.440621] R10: 0000000000000000 R11: 0000000000000000 R12: 0000000000000028
[10191.457314] R13: fffffe00000029e8 R14: 0000000000000000 R15: 0000000000000000
[10191.475672]  ? native_iret+0x7/0x7
[10191.487164]  do_page_fault+0x2e/0xe0
[10191.496409]  page_fault+0x25/0x50
[10191.504031] RIP: 0010:__do_page_fault+0x1f/0x4b0
[10191.514607] RSP: 0000:fffffe0000002a90 EFLAGS: 00010086
[10191.529981] RAX: 0000000000000028 RBX: 0000000000000000 RCX: ffffffffb8a00a47
[10191.556555] RDX: 0000000000000028 RSI: 0000000000000000 RDI: fffffe0000002b38
[10191.573328] RBP: fffffe0000002af8 R08: 0000000000000000 R09: 0000000000000000
[10191.591015] R10: 0000000000000000 R11: 0000000000000000 R12: 0000000000000028
[10191.608842] R13: fffffe0000002b38 R14: 0000000000000000 R15: 0000000000000000
[10191.627353]  ? native_iret+0x7/0x7
[10191.638614]  do_page_fault+0x2e/0xe0
[10191.649411]  page_fault+0x25/0x50
[10191.660247] RIP: 0010:__do_page_fault+0x1f/0x4b0
[10191.672588] RSP: 0000:fffffe0000002be0 EFLAGS: 00010082
[10191.691274] RAX: 0000000000000028 RBX: 0000000000000000 RCX: ffffffffb8a00a47
[10191.713088] RDX: 0000000000000028 RSI: 0000000000000000 RDI: fffffe0000002c88
[10191.733422] RBP: fffffe0000002c48 R08: 0000000000000000 R09: 0000000000000000
[10191.752684] R10: 0000000000000000 R11: 0000000000000000 R12: 0000000000000028
[10191.770964] R13: fffffe0000002c88 R14: 0000000000000000 R15: 0000000000000000
[10191.790201]  ? native_iret+0x7/0x7
[10191.801712]  do_page_fault+0x2e/0xe0
[10191.808283]  page_fault+0x25/0x50
[10191.816866] RIP: 0010:__do_page_fault+0x1f/0x4b0
[10191.828357] RSP: 0000:fffffe0000002d30 EFLAGS: 00010086
[10191.838937] RAX: 0000000000000028 RBX: 0000000000000000 RCX: ffffffffb8a00a47
[10191.853484] RDX: 0000000000000028 RSI: 0000000000000000 RDI: fffffe0000002dd8
[10191.868765] RBP: fffffe0000002d98 R08: 0000000000000000 R09: 0000000000000000
[10191.887154] R10: 0000000000000000 R11: 0000000000000000 R12: 0000000000000028
[10191.913437] R13: fffffe0000002dd8 R14: 0000000000000000 R15: 0000000000000000
[10191.934477]  ? native_iret+0x7/0x7
[10191.944423]  do_page_fault+0x2e/0xe0
[10191.954838]  page_fault+0x25/0x50
[10191.964690] RIP: 0010:__do_page_fault+0x1f/0x4b0
[10191.979003] RSP: 0000:fffffe0000002e80 EFLAGS: 00010082
[10191.996874] RAX: 00007f7fa6fa0990 RBX: 0000000000000007 RCX: ffffffffb8a00a47
[10192.014752] RDX: 00007f7fa6fa0990 RSI: 0000000000000007 RDI: fffffe0000002f28
[10192.032517] RBP: fffffe0000002ee8 R08: 0000000000000000 R09: 0000000000000000
[10192.046628] R10: 0000000000000000 R11: 0000000000000000 R12: 00007f7fa6fa0990
[10192.061521] R13: fffffe0000002f28 R14: 0000000000000000 R15: 0000000000000000
[10192.074322]  ? native_iret+0x7/0x7
[10192.081857]  do_page_fault+0x2e/0xe0
[10192.088784]  page_fault+0x25/0x50
[10192.097242] RIP: 0010:apic_timer_interrupt+0x0/0xa0
[10192.107263] RSP: 0000:fffffe0000002fd8 EFLAGS: 00000046
[10192.120154] RAX: 0000000000000000 RBX: 00007fff5534a2e0 RCX: 00007f7fa6c967cc
[10192.133515] RDX: 0000000000000000 RSI: 0000000000000000 RDI: 00007f7fa6fa0968
[10192.146715] RBP: 00007fff5534a350 R08: 00007f7fa75f5840 R09: 0000000000000020
[10192.159689] R10: 00007f7fa75f5b10 R11: 0000000000000246 R12: 0000000000000cd5
[10192.176874] R13: 00000000000000ca R14: 0000000000000000 R15: 0000000000000000
[10192.196512]  </ENTRY_TRAMPOLINE>
[10192.208931] Kernel Offset: 0x37000000 from 0xffffffff81000000 (relocation range: 0xffffffff80000000-0xffffffffbfffffff)
[10192.244049] ---[ end Kernel panic - not syncing: Machine halted.
